<?xml version="1.0" encoding="UTF-8"?>
<testng-results ignored="2" total="6" passed="4" failed="0" skipped="0">
  <reporter-output>
  </reporter-output>
  <suite started-at="2021-09-22T19:55:38 IST" name="Suite" finished-at="2021-09-22T19:55:38 IST" duration-ms="102">
    <groups>
      <group name="SmokeSuite">
        <method signature="ContactTest.createContactWithOrgTest()[pri:0, instance:com.comcasttest.ContactTest@1ba9117e]" name="createContactWithOrgTest" class="com.comcasttest.ContactTest"/>
        <method signature="ContactTest.deleteContactTest()[pri:0, instance:com.comcasttest.ContactTest@1ba9117e]" name="deleteContactTest" class="com.comcasttest.ContactTest"/>
        <method signature="OrganizationTest.createOrgTest()[pri:0, instance:com.comcast2.OrganizationTest@247d8ae]" name="createOrgTest" class="com.comcast2.OrganizationTest"/>
        <method signature="OrganizationTest.createOrgWithContactTest()[pri:0, instance:com.comcast2.OrganizationTest@247d8ae]" name="createOrgWithContactTest" class="com.comcast2.OrganizationTest"/>
      </group> <!-- SmokeSuite -->
    </groups>
    <test started-at="2021-09-22T19:55:38 IST" name="Test" finished-at="2021-09-22T19:55:38 IST" duration-ms="102">
      <class name="com.comcasttest.ContactTest">
        <test-method signature="createContactWithOrgTest()[pri:0, instance:com.comcasttest.ContactTest@1ba9117e]" started-at="2021-09-22T19:55:38 IST" name="createContactWithOrgTest" finished-at="2021-09-22T19:55:38 IST" duration-ms="12" status="PASS">
          <reporter-output>
          </reporter-output>
        </test-method> <!-- createContactWithOrgTest -->
        <test-method signature="deleteContactTest()[pri:0, instance:com.comcasttest.ContactTest@1ba9117e]" started-at="2021-09-22T19:55:38 IST" name="deleteContactTest" finished-at="2021-09-22T19:55:38 IST" duration-ms="2" status="PASS">
          <reporter-output>
          </reporter-output>
        </test-method> <!-- deleteContactTest -->
      </class> <!-- com.comcasttest.ContactTest -->
      <class name="com.comcast2.OrganizationTest">
        <test-method signature="createOrgTest()[pri:0, instance:com.comcast2.OrganizationTest@247d8ae]" started-at="2021-09-22T19:55:38 IST" name="createOrgTest" finished-at="2021-09-22T19:55:38 IST" duration-ms="2" status="PASS">
          <reporter-output>
          </reporter-output>
        </test-method> <!-- createOrgTest -->
        <test-method signature="createOrgWithContactTest()[pri:0, instance:com.comcast2.OrganizationTest@247d8ae]" started-at="2021-09-22T19:55:38 IST" name="createOrgWithContactTest" finished-at="2021-09-22T19:55:38 IST" duration-ms="4" status="PASS">
          <reporter-output>
          </reporter-output>
        </test-method> <!-- createOrgWithContactTest -->
      </class> <!-- com.comcast2.OrganizationTest -->
    </test> <!-- Test -->
  </suite> <!-- Suite -->
</testng-results>
