<?xml version="1.0" encoding="UTF-8"?>
<!-- Generated by org.testng.reporters.JUnitXMLReporter -->
<testsuite ignored="2" hostname="DESKTOP-3HVV2AC" failures="0" tests="4" name="Test" time="0.102" errors="0" timestamp="2021-09-22T19:55:38 IST">
  <testcase classname="com.comcasttest.ContactTest" name="createContactWithOrgTest" time="0.012"/>
  <testcase classname="com.comcasttest.ContactTest" name="deleteContactTest" time="0.002"/>
  <testcase classname="com.comcast2.OrganizationTest" name="createOrgTest" time="0.002"/>
  <testcase classname="com.comcast2.OrganizationTest" name="createOrgWithContactTest" time="0.004"/>
  <testcase classname="com.comcast2.OrganizationTest" name="deleteOrgtTest" time="0.0">
    <ignored/>
  </testcase> <!-- deleteOrgtTest -->
  <testcase classname="com.comcasttest.ContactTest" name="createContactTest" time="0.0">
    <ignored/>
  </testcase> <!-- createContactTest -->
</testsuite> <!-- Test -->
